Logs
26/06/19 19:07:31 (Python [OK])
Wed Jun 26 2019 19:07:31 GMT-0500 (Hora de verano central (México)) (Grunt [OK])
26/06/19 19:08:01 (Python [OK])
Wed Jun 26 2019 19:08:02 GMT-0500 (Hora de verano central (México)) (Grunt [OK])
26/06/19 19:08:31 (Python [OK])
26/06/19 19:08:54 (Python [OK])
26/06/19 19:09:21 (Python [OK])
26/06/19 19:09:46 (Python [OK])
26/06/19 19:10:27 (Python [OK])
26/06/19 19:10:59 (Python [OK])
05/07/19 09:33:06 (Python [OK])
Fri Jul 05 2019 09:33:06 GMT-0500 (Hora de verano central (México)) (Grunt [OK])
05/07/19 09:33:07 (Python [OK])
Fri Jul 05 2019 09:33:07 GMT-0500 (Hora de verano central (México)) (Grunt [OK])
05/07/19 09:33:13 (Python [OK])
Fri Jul 05 2019 09:33:13 GMT-0500 (Hora de verano central (México)) (Grunt [OK])
05/07/19 09:33:27 (Python [OK])
Fri Jul 05 2019 09:33:27 GMT-0500 (Hora de verano central (México)) (Grunt [OK])
05/07/19 09:33:31 (Python [OK])
Fri Jul 05 2019 09:33:31 GMT-0500 (Hora de verano central (México)) (Grunt [OK])
05/07/19 09:34:57 (Python [OK])
Fri Jul 05 2019 09:34:57 GMT-0500 (Hora de verano central (México)) (Grunt [OK])
05/07/19 09:35:03 (Python [OK])
Fri Jul 05 2019 09:35:03 GMT-0500 (Hora de verano central (México)) (Grunt [OK])
05/07/19 09:48:18 (Python [OK])
Fri Jul 05 2019 09:48:18 GMT-0500 (Hora de verano central (México)) (Grunt [OK])
05/07/19 09:48:20 (Python [OK])
Fri Jul 05 2019 09:48:20 GMT-0500 (Hora de verano central (México)) (Grunt [OK])
05/07/19 09:48:24 (Python [OK])
Fri Jul 05 2019 09:48:24 GMT-0500 (Hora de verano central (México)) (Grunt [OK])
05/07/19 09:48:27 (Python [OK])
Fri Jul 05 2019 09:48:27 GMT-0500 (Hora de verano central (México)) (Grunt [OK])
11/07/19 11:37:47 (Python [OK])
Thu Jul 11 2019 11:37:47 GMT-0500 (GMT-05:00) (Grunt [OK])
11/07/19 11:39:33 (Python [OK])
Thu Jul 11 2019 11:39:33 GMT-0500 (GMT-05:00) (Grunt [OK])
11/07/19 11:40:12 (Python [OK])
Thu Jul 11 2019 11:40:12 GMT-0500 (GMT-05:00) (Grunt [OK])
11/07/19 11:41:15 (Python [OK])
Thu Jul 11 2019 11:41:15 GMT-0500 (GMT-05:00) (Grunt [OK])
11/07/19 11:46:10 (Python [OK])
Thu Jul 11 2019 11:46:10 GMT-0500 (GMT-05:00) (Grunt [OK])
11/07/19 11:46:12 (Python [OK])
Thu Jul 11 2019 11:46:12 GMT-0500 (GMT-05:00) (Grunt [OK])
11/07/19 11:46:16 (Python [OK])
Thu Jul 11 2019 11:46:16 GMT-0500 (GMT-05:00) (Grunt [OK])
11/07/19 11:46:20 (Python [OK])
Thu Jul 11 2019 11:46:20 GMT-0500 (GMT-05:00) (Grunt [OK])
11/07/19 11:46:27 (Python [OK])
Thu Jul 11 2019 11:46:27 GMT-0500 (GMT-05:00) (Grunt [OK])
11/07/19 11:46:29 (Python [OK])
Thu Jul 11 2019 11:46:29 GMT-0500 (GMT-05:00) (Grunt [OK])
11/07/19 11:47:08 (Python [OK])
Thu Jul 11 2019 11:47:08 GMT-0500 (GMT-05:00) (Grunt [OK])
11/07/19 11:47:12 (Python [OK])
Thu Jul 11 2019 11:47:12 GMT-0500 (GMT-05:00) (Grunt [OK])
11/07/19 11:47:18 (Python [OK])
Thu Jul 11 2019 11:47:18 GMT-0500 (GMT-05:00) (Grunt [OK])